00:09:12.095 [main] INFO  testCases.TC006_BuyUnavailableProduct-Start  |  TC006_BuyUnavailableProduct
00:16:13.530 [main] INFO  testCases.TC006_BuyUnavailableProduct-Start  |  TC006_BuyUnavailableProduct
00:18:16.723 [main] INFO  testCases.TC006_BuyUnavailableProduct-Start  |  TC006_BuyUnavailableProduct
00:19:03.776 [main] INFO  testCases.TC006_BuyUnavailableProduct-Start  |  TC006_BuyUnavailableProduct
00:34:55.784 [main] INFO  testCases.TC006_BuyUnavailableProduct-Start  |  TC006_BuyUnavailableProduct
00:35:41.344 [main] INFO  testCases.TC006_BuyUnavailableProduct-Start  |  TC006_BuyUnavailableProduct
00:40:32.587 [main] INFO  testCases.TC006_BuyUnavailableProduct-Start  |  TC006_BuyUnavailableProduct
14:25:43.691 [main] INFO  testCases.TC006_BuyUnavailableProduct-Start  |  TC006_BuyUnavailableProduct
14:28:38.796 [main] INFO  testCases.TC006_BuyUnavailableProduct-Start  |  TC006_BuyUnavailableProduct
14:31:15.974 [main] INFO  testCases.TC006_BuyUnavailableProduct-Start  |  TC006_BuyUnavailableProduct
14:33:38.902 [main] INFO  testCases.TC004_PCShoppingWindow-***TC004_PCShoppingWindow | Start***
14:33:40.194 [main] INFO  testCases.TC004_PCShoppingWindow-PC
14:33:40.195 [main] INFO  testCases.TC004_PCShoppingWindow-Pass
14:36:12.786 [main] INFO  testCases.TC004_PCShoppingWindow-***TC004_PCShoppingWindow | Start***
14:36:13.836 [main] INFO  testCases.TC004_PCShoppingWindow-PC
14:36:13.836 [main] INFO  testCases.TC004_PCShoppingWindow-Pass
14:41:28.287 [main] INFO  testCases.TC006_BuyUnavailableProduct-Start  |  TC006_BuyUnavailableProduct
14:43:24.641 [main] INFO  testCases.TC002_ValidLoginTest-*** TC002_ValidLoginTest | Start ***
14:44:55.903 [main] INFO  testCases.TC002_ValidLoginTest-*** TC002_ValidLoginTest | Start ***
14:48:38.181 [main] INFO  testCases.TC002_ValidLoginTest-*** TC002_ValidLoginTest | Start ***
14:48:41.952 [main] INFO  testCases.TC002_ValidLoginTest-*** TC002_ValidLoginTest | end | Successful ***
14:49:50.691 [main] INFO  testCases.TC006_BuyUnavailableProduct-Start  |  TC006_BuyUnavailableProduct
16:16:18.126 [main] INFO  testCases.TC006_BuyUnavailableProduct-Start  |  TC006_BuyUnavailableProduct
16:18:13.869 [main] INFO  testCases.TC006_BuyUnavailableProduct-Start  |  TC006_BuyUnavailableProduct
16:21:19.994 [main] INFO  testCases.TC006_BuyUnavailableProduct-Start  |  TC006_BuyUnavailableProduct
16:21:32.755 [main] INFO  testCases.TC006_BuyUnavailableProduct-TC006_Monitor Add cart | Pass
16:37:14.282 [main] INFO  testCases.TC006_AddToCart-Start  |  TC006_BuyUnavailableProduct
16:37:27.169 [main] INFO  testCases.TC006_AddToCart-TC006_Monitor Add cart | Pass
